<?xml version="1.0" encoding="UTF-8"?>
<!-- Generated by org.testng.reporters.JUnitReportReporter -->
<testsuite hostname="MKOKANE10A" failures="0" tests="1" name="com.testcases.logintest" time="0.751" errors="0" timestamp="2024-04-11T10:37:41 IST" skipped="0">
  <testcase classname="com.testcases.logintest" name="logintsts" time="0.751"/>
</testsuite> <!-- com.testcases.logintest -->
