<?xml version="1.0" encoding="UTF-8"?>
<!-- Generated by org.testng.reporters.JUnitReportReporter -->
<testsuite hostname="MKOKANE10A" failures="0" tests="1" name="com.testcases.etst1" time="0.293" errors="0" timestamp="2024-06-07T11:03:14 IST" skipped="0">
  <testcase classname="com.testcases.etst1" name="logintsts" time="0.293"/>
</testsuite> <!-- com.testcases.etst1 -->
